[debug] [2021-02-20T00:04:09.929Z] ----------------------------------------------------------------------
[debug] [2021-02-20T00:04:09.931Z] Command:       C:\Program Files\nodejs\node.exe C:\Users\david\AppData\Roaming\npm\node_modules\firebase-tools\lib\bin\firebase.js emulators:start
[debug] [2021-02-20T00:04:09.931Z] CLI Version:   9.4.0
[debug] [2021-02-20T00:04:09.931Z] Platform:      win32
[debug] [2021-02-20T00:04:09.931Z] Node Version:  v10.23.3
[debug] [2021-02-20T00:04:09.932Z] Time:          Fri Feb 19 2021 16:04:09 GMT-0800 (Pacific Standard Time)
[debug] [2021-02-20T00:04:09.933Z] ----------------------------------------------------------------------
[debug] [2021-02-20T00:04:09.933Z] 
[debug] [2021-02-20T00:04:09.943Z] > command requires scopes: ["email","openid","https://www.googleapis.com/auth/cloudplatformprojects.readonly","https://www.googleapis.com/auth/firebase","https://www.googleapis.com/auth/cloud-platform"]
[debug] [2021-02-20T00:04:09.944Z] > authorizing via signed-in user
[info] i  emulators: Starting emulators: functions, firestore {"metadata":{"emulator":{"name":"hub"},"message":"Starting emulators: functions, firestore"}}
[debug] [2021-02-20T00:04:12.009Z] [hub] writing locator at C:\Users\david\AppData\Local\Temp\hub-octopus-63e06.json
[warn] !  functions: The following emulators are not running, calls to these services from the Functions emulator will affect production: auth, database, hosting, pubsub {"metadata":{"emulator":{"name":"functions"},"message":"The following emulators are not running, calls to these services from the Functions emulator will affect production: \u001b[1mauth, database, hosting, pubsub\u001b[22m"}}
[warn] !  Your requested "node" version "12" doesn't match your global version "10" {"metadata":{"emulator":{"name":"functions"},"message":"Your requested \"node\" version \"12\" doesn't match your global version \"10\""}}
[debug] [2021-02-20T00:04:14.083Z] defaultcredentials: writing to file C:\Users\david\AppData\Roaming\firebase\daviddetweiler1_gmail_com_application_default_credentials.json
[debug] [2021-02-20T00:04:14.090Z] Setting GAC to C:\Users\david\AppData\Roaming\firebase\daviddetweiler1_gmail_com_application_default_credentials.json {"metadata":{"emulator":{"name":"functions"},"message":"Setting GAC to C:\\Users\\david\\AppData\\Roaming\\firebase\\daviddetweiler1_gmail_com_application_default_credentials.json"}}
[debug] [2021-02-20T00:04:14.097Z] > refreshing access token with scopes: []
[debug] [2021-02-20T00:04:14.099Z] >>> HTTP REQUEST POST https://www.googleapis.com/oauth2/v3/token  
 <request body omitted>
[debug] [2021-02-20T00:04:14.375Z] <<< HTTP RESPONSE 200 {"date":"Sat, 20 Feb 2021 00:04:13 GMT","expires":"Mon, 01 Jan 1990 00:00:00 GMT","pragma":"no-cache","cache-control":"no-cache, no-store, max-age=0, must-revalidate","content-type":"application/json; charset=utf-8","vary":"X-Origin, Referer, Origin,Accept-Encoding","server":"scaffolding on HTTPServer2","x-xss-protection":"0","x-frame-options":"SAMEORIGIN","x-content-type-options":"nosniff","alt-svc":"h3-29=\":443\"; ma=2592000,h3-T051=\":443\"; ma=2592000,h3-Q050=\":443\"; ma=2592000,h3-Q046=\":443\"; ma=2592000,h3-Q043=\":443\"; ma=2592000,quic=\":443\"; ma=2592000; v=\"46,43\"","accept-ranges":"none","transfer-encoding":"chunked"}
[debug] [2021-02-20T00:04:14.390Z] >>> [apiv2][query] GET https://firebase.googleapis.com/v1beta1/projects/octopus-63e06/adminSdkConfig [none]
[debug] [2021-02-20T00:04:14.797Z] <<< [apiv2][status] GET https://firebase.googleapis.com/v1beta1/projects/octopus-63e06/adminSdkConfig 200
[debug] [2021-02-20T00:04:14.797Z] <<< [apiv2][body] GET https://firebase.googleapis.com/v1beta1/projects/octopus-63e06/adminSdkConfig {"projectId":"octopus-63e06","databaseURL":"https://octopus-63e06-default-rtdb.firebaseio.com","storageBucket":"octopus-63e06.appspot.com","locationId":"us-central"}
[info] i  firestore: downloading cloud-firestore-emulator-v1.11.12.jar... {"metadata":{"emulator":{"name":"firestore"},"message":"downloading cloud-firestore-emulator-v1.11.12.jar..."}}
[debug] [2021-02-20T00:04:16.865Z] >>> [apiv2][query] GET https://storage.googleapis.com/firebase-preview-drop/emulator/cloud-firestore-emulator-v1.11.12.jar [none]
[debug] [2021-02-20T00:04:17.160Z] <<< [apiv2][status] GET https://storage.googleapis.com/firebase-preview-drop/emulator/cloud-firestore-emulator-v1.11.12.jar 200
[debug] [2021-02-20T00:04:17.160Z] <<< [apiv2][body] GET https://storage.googleapis.com/firebase-preview-drop/emulator/cloud-firestore-emulator-v1.11.12.jar [stream]
[debug] [2021-02-20T00:04:48.288Z] Ignoring unsupported arg: projectId {"metadata":{"emulator":{"name":"firestore"},"message":"Ignoring unsupported arg: projectId"}}
[debug] [2021-02-20T00:04:48.288Z] Ignoring unsupported arg: auto_download {"metadata":{"emulator":{"name":"firestore"},"message":"Ignoring unsupported arg: auto_download"}}
[debug] [2021-02-20T00:04:48.288Z] Starting Firestore Emulator with command {"binary":"java","args":["-Dgoogle.cloud_firestore.debug_log_level=FINE","-Duser.language=en","-jar","C:\\Users\\david\\.cache\\firebase\\emulators\\cloud-firestore-emulator-v1.11.12.jar","--host","localhost","--port",8080,"--rules","E:\\source\\meep\\firestore.rules","--functions_emulator","localhost:5001"],"optionalArgs":["port","webchannel_port","host","rules","functions_emulator","seed_from_export"],"joinArgs":false} {"metadata":{"emulator":{"name":"firestore"},"message":"Starting Firestore Emulator with command {\"binary\":\"java\",\"args\":[\"-Dgoogle.cloud_firestore.debug_log_level=FINE\",\"-Duser.language=en\",\"-jar\",\"C:\\\\Users\\\\david\\\\.cache\\\\firebase\\\\emulators\\\\cloud-firestore-emulator-v1.11.12.jar\",\"--host\",\"localhost\",\"--port\",8080,\"--rules\",\"E:\\\\source\\\\meep\\\\firestore.rules\",\"--functions_emulator\",\"localhost:5001\"],\"optionalArgs\":[\"port\",\"webchannel_port\",\"host\",\"rules\",\"functions_emulator\",\"seed_from_export\"],\"joinArgs\":false}"}}
[info] i  firestore: Firestore Emulator logging to firestore-debug.log {"metadata":{"emulator":{"name":"firestore"},"message":"Firestore Emulator logging to \u001b[1mfirestore-debug.log\u001b[22m"}}
[debug] [2021-02-20T00:04:50.607Z] API endpoint: http://localhost {"metadata":{"emulator":{"name":"firestore"},"message":"API endpoint: http://localhost"}}
[debug] [2021-02-20T00:04:50.607Z] :8080
If you are using a library that supports the FIRESTORE_EMULATOR_HOST environment variable, run:

   export FIRESTORE_EMULATOR_HOST=localhost:8080

Dev App Server is now running.

 {"metadata":{"emulator":{"name":"firestore"},"message":":8080\nIf you are using a library that supports the FIRESTORE_EMULATOR_HOST environment variable, run:\r\n\n   export FIRESTORE_EMULATOR_HOST=localhost:8080\n\nDev App Server is now running.\n\r\n"}}
[info] i  ui: downloading ui-v1.4.1.zip... {"metadata":{"emulator":{"name":"ui"},"message":"downloading ui-v1.4.1.zip..."}}
[debug] [2021-02-20T00:04:54.759Z] >>> [apiv2][query] GET https://storage.googleapis.com/firebase-preview-drop/emulator/ui-v1.4.1.zip [none]
[debug] [2021-02-20T00:04:54.950Z] <<< [apiv2][status] GET https://storage.googleapis.com/firebase-preview-drop/emulator/ui-v1.4.1.zip 200
[debug] [2021-02-20T00:04:54.950Z] <<< [apiv2][body] GET https://storage.googleapis.com/firebase-preview-drop/emulator/ui-v1.4.1.zip [stream]
[debug] [2021-02-20T00:04:57.014Z] Ignoring unsupported arg: auto_download {"metadata":{"emulator":{"name":"ui"},"message":"Ignoring unsupported arg: auto_download"}}
[debug] [2021-02-20T00:04:57.014Z] Ignoring unsupported arg: port {"metadata":{"emulator":{"name":"ui"},"message":"Ignoring unsupported arg: port"}}
[debug] [2021-02-20T00:04:57.014Z] Starting Emulator UI with command {"binary":"node","args":["C:\\Users\\david\\.cache\\firebase\\emulators\\ui-v1.4.1\\server.bundle.js"],"optionalArgs":[],"joinArgs":false} {"metadata":{"emulator":{"name":"ui"},"message":"Starting Emulator UI with command {\"binary\":\"node\",\"args\":[\"C:\\\\Users\\\\david\\\\.cache\\\\firebase\\\\emulators\\\\ui-v1.4.1\\\\server.bundle.js\"],\"optionalArgs\":[],\"joinArgs\":false}"}}
[info] i  ui: Emulator UI logging to ui-debug.log {"metadata":{"emulator":{"name":"ui"},"message":"Emulator UI logging to \u001b[1mui-debug.log\u001b[22m"}}
[debug] [2021-02-20T00:04:57.223Z] Web / API server started at http://localhost:4000
 {"metadata":{"emulator":{"name":"ui"},"message":"Web / API server started at http://localhost:4000\n"}}
[info] i  functions: Watching "E:\source\meep\functions" for Cloud Functions... {"metadata":{"emulator":{"name":"functions"},"message":"Watching \"E:\\source\\meep\\functions\" for Cloud Functions..."}}
[debug] [2021-02-20T00:04:57.561Z] [worker-pool] addWorker(~diagnostic~) {"metadata":{"emulator":{"name":"functions"},"message":"[worker-pool] addWorker(~diagnostic~)"}}
[debug] [2021-02-20T00:04:57.561Z] [worker-pool] Adding worker with key ~diagnostic~, total=1 {"metadata":{"emulator":{"name":"functions"},"message":"[worker-pool] Adding worker with key ~diagnostic~, total=1"}}
[debug] [2021-02-20T00:04:57.562Z] [worker-pool] submitWork(triggerId=) {"metadata":{"emulator":{"name":"functions"},"message":"[worker-pool] submitWork(triggerId=)"}}
[debug] [2021-02-20T00:04:57.562Z] [worker-~diagnostic~-0d1d7fcc-c9ed-43cd-b7e9-fb333b7a6d62]: Assigning socketPath: \\?\pipe\E:\source\meep\functions\19588 {"metadata":{"emulator":{"name":"functions"},"message":"[worker-~diagnostic~-0d1d7fcc-c9ed-43cd-b7e9-fb333b7a6d62]: Assigning socketPath: \\\\?\\pipe\\E:\\source\\meep\\functions\\19588"}}
[debug] [2021-02-20T00:04:57.563Z] [worker-~diagnostic~-0d1d7fcc-c9ed-43cd-b7e9-fb333b7a6d62]: BUSY {"metadata":{"emulator":{"name":"functions"},"message":"[worker-~diagnostic~-0d1d7fcc-c9ed-43cd-b7e9-fb333b7a6d62]: BUSY"}}
[debug] [2021-02-20T00:04:57.861Z] [runtime-status] [19588] Functions runtime initialized. {"cwd":"E:\\source\\meep\\functions","node_version":"10.23.3"} {"metadata":{"emulator":{"name":"functions"},"message":"[runtime-status] [19588] Functions runtime initialized. {\"cwd\":\"E:\\\\source\\\\meep\\\\functions\",\"node_version\":\"10.23.3\"}"}}
[debug] [2021-02-20T00:04:57.862Z] [runtime-status] [19588] Disabled runtime features: undefined {"metadata":{"emulator":{"name":"functions"},"message":"[runtime-status] [19588] Disabled runtime features: undefined"}}
[debug] [2021-02-20T00:04:57.869Z] [runtime-status] [19588] Resolved module firebase-admin {"declared":true,"installed":true,"version":"9.5.0","resolution":"E:\\source\\meep\\functions\\node_modules\\firebase-admin\\lib\\index.js"} {"metadata":{"emulator":{"name":"functions"},"message":"[runtime-status] [19588] Resolved module firebase-admin {\"declared\":true,\"installed\":true,\"version\":\"9.5.0\",\"resolution\":\"E:\\\\source\\\\meep\\\\functions\\\\node_modules\\\\firebase-admin\\\\lib\\\\index.js\"}"}}
[debug] [2021-02-20T00:04:57.872Z] [runtime-status] [19588] Resolved module firebase-functions {"declared":true,"installed":true,"version":"3.13.1","resolution":"E:\\source\\meep\\functions\\node_modules\\firebase-functions\\lib\\index.js"} {"metadata":{"emulator":{"name":"functions"},"message":"[runtime-status] [19588] Resolved module firebase-functions {\"declared\":true,\"installed\":true,\"version\":\"3.13.1\",\"resolution\":\"E:\\\\source\\\\meep\\\\functions\\\\node_modules\\\\firebase-functions\\\\lib\\\\index.js\"}"}}
[debug] [2021-02-20T00:04:57.873Z] [runtime-status] [19588] Resolved module firebase-functions {"declared":true,"installed":true,"version":"3.13.1","resolution":"E:\\source\\meep\\functions\\node_modules\\firebase-functions\\lib\\index.js"} {"metadata":{"emulator":{"name":"functions"},"message":"[runtime-status] [19588] Resolved module firebase-functions {\"declared\":true,\"installed\":true,\"version\":\"3.13.1\",\"resolution\":\"E:\\\\source\\\\meep\\\\functions\\\\node_modules\\\\firebase-functions\\\\lib\\\\index.js\"}"}}
[debug] [2021-02-20T00:04:57.878Z] [runtime-status] [19588] Outgoing network have been stubbed. [{"name":"http","status":"mocked"},{"name":"http","status":"mocked"},{"name":"https","status":"mocked"},{"name":"https","status":"mocked"},{"name":"net","status":"mocked"}] {"metadata":{"emulator":{"name":"functions"},"message":"[runtime-status] [19588] Outgoing network have been stubbed. [{\"name\":\"http\",\"status\":\"mocked\"},{\"name\":\"http\",\"status\":\"mocked\"},{\"name\":\"https\",\"status\":\"mocked\"},{\"name\":\"https\",\"status\":\"mocked\"},{\"name\":\"net\",\"status\":\"mocked\"}]"}}
[debug] [2021-02-20T00:04:57.879Z] [runtime-status] [19588] Resolved module firebase-functions {"declared":true,"installed":true,"version":"3.13.1","resolution":"E:\\source\\meep\\functions\\node_modules\\firebase-functions\\lib\\index.js"} {"metadata":{"emulator":{"name":"functions"},"message":"[runtime-status] [19588] Resolved module firebase-functions {\"declared\":true,\"installed\":true,\"version\":\"3.13.1\",\"resolution\":\"E:\\\\source\\\\meep\\\\functions\\\\node_modules\\\\firebase-functions\\\\lib\\\\index.js\"}"}}
[debug] [2021-02-20T00:04:57.943Z] [runtime-status] [19588] Checked functions.config() {"config":{}} {"metadata":{"emulator":{"name":"functions"},"message":"[runtime-status] [19588] Checked functions.config() {\"config\":{}}"}}
[debug] [2021-02-20T00:04:57.944Z] [runtime-status] [19588] firebase-functions has been stubbed. {"functionsResolution":{"declared":true,"installed":true,"version":"3.13.1","resolution":"E:\\source\\meep\\functions\\node_modules\\firebase-functions\\lib\\index.js"}} {"metadata":{"emulator":{"name":"functions"},"message":"[runtime-status] [19588] firebase-functions has been stubbed. {\"functionsResolution\":{\"declared\":true,\"installed\":true,\"version\":\"3.13.1\",\"resolution\":\"E:\\\\source\\\\meep\\\\functions\\\\node_modules\\\\firebase-functions\\\\lib\\\\index.js\"}}"}}
[debug] [2021-02-20T00:04:57.944Z] [runtime-status] [19588] Resolved module firebase-functions {"declared":true,"installed":true,"version":"3.13.1","resolution":"E:\\source\\meep\\functions\\node_modules\\firebase-functions\\lib\\index.js"} {"metadata":{"emulator":{"name":"functions"},"message":"[runtime-status] [19588] Resolved module firebase-functions {\"declared\":true,\"installed\":true,\"version\":\"3.13.1\",\"resolution\":\"E:\\\\source\\\\meep\\\\functions\\\\node_modules\\\\firebase-functions\\\\lib\\\\index.js\"}"}}
[debug] [2021-02-20T00:04:57.945Z] [runtime-status] [19588] Resolved module firebase-admin {"declared":true,"installed":true,"version":"9.5.0","resolution":"E:\\source\\meep\\functions\\node_modules\\firebase-admin\\lib\\index.js"} {"metadata":{"emulator":{"name":"functions"},"message":"[runtime-status] [19588] Resolved module firebase-admin {\"declared\":true,\"installed\":true,\"version\":\"9.5.0\",\"resolution\":\"E:\\\\source\\\\meep\\\\functions\\\\node_modules\\\\firebase-admin\\\\lib\\\\index.js\"}"}}
[debug] [2021-02-20T00:04:57.946Z] [runtime-status] [19588] Resolved module firebase-functions {"declared":true,"installed":true,"version":"3.13.1","resolution":"E:\\source\\meep\\functions\\node_modules\\firebase-functions\\lib\\index.js"} {"metadata":{"emulator":{"name":"functions"},"message":"[runtime-status] [19588] Resolved module firebase-functions {\"declared\":true,\"installed\":true,\"version\":\"3.13.1\",\"resolution\":\"E:\\\\source\\\\meep\\\\functions\\\\node_modules\\\\firebase-functions\\\\lib\\\\index.js\"}"}}
[debug] [2021-02-20T00:04:57.946Z] [runtime-status] [19588] firebase-admin has been stubbed. {"adminResolution":{"declared":true,"installed":true,"version":"9.5.0","resolution":"E:\\source\\meep\\functions\\node_modules\\firebase-admin\\lib\\index.js"}} {"metadata":{"emulator":{"name":"functions"},"message":"[runtime-status] [19588] firebase-admin has been stubbed. {\"adminResolution\":{\"declared\":true,\"installed\":true,\"version\":\"9.5.0\",\"resolution\":\"E:\\\\source\\\\meep\\\\functions\\\\node_modules\\\\firebase-admin\\\\lib\\\\index.js\"}}"}}
[debug] [2021-02-20T00:04:57.950Z] [runtime-status] [19588] initializeApp(DEFAULT) {"storageBucket":"octopus-63e06.appspot.com","databaseURL":"https://octopus-63e06-default-rtdb.firebaseio.com","projectId":"octopus-63e06"} {"metadata":{"emulator":{"name":"functions"},"message":"[runtime-status] [19588] initializeApp(DEFAULT) {\"storageBucket\":\"octopus-63e06.appspot.com\",\"databaseURL\":\"https://octopus-63e06-default-rtdb.firebaseio.com\",\"projectId\":\"octopus-63e06\"}"}}
[info] +  functions[addMessage]: http function initialized (http://localhost:5001/octopus-63e06/us-central1/addMessage). {"metadata":{"emulator":{"name":"functions"},"message":"\u001b[1mhttp\u001b[22m function initialized (http://localhost:5001/octopus-63e06/us-central1/addMessage)."}}
[debug] [2021-02-20T00:04:57.954Z] addFirestoreTrigger "{\"eventTrigger\":{\"resource\":\"projects/octopus-63e06/databases/(default)/documents/messages/{documentId}\",\"eventType\":\"providers/cloud.firestore/eventTypes/document.create\",\"service\":\"firestore.googleapis.com\"}}"
[debug] [2021-02-20T00:04:57.954Z] >>> HTTP REQUEST PUT http://localhost:8080/emulator/v1/projects/octopus-63e06/triggers/makeUppercase-0  
 {"eventTrigger":{"resource":"projects/octopus-63e06/databases/(default)/documents/messages/{documentId}","eventType":"providers/cloud.firestore/eventTypes/document.create","service":"firestore.googleapis.com"}}
[debug] [2021-02-20T00:04:57.956Z] [worker-~diagnostic~-0d1d7fcc-c9ed-43cd-b7e9-fb333b7a6d62]: IDLE {"metadata":{"emulator":{"name":"functions"},"message":"[worker-~diagnostic~-0d1d7fcc-c9ed-43cd-b7e9-fb333b7a6d62]: IDLE"}}
[debug] [2021-02-20T00:04:57.974Z] Feb 19, 2021 4:04:57 PM io.gapi.emulators.netty.HttpVersionRoutingHandler channelRead
INFO: Detected non-HTTP/2 connection.
 {"metadata":{"emulator":{"name":"firestore"},"message":"Feb 19, 2021 4:04:57 PM io.gapi.emulators.netty.HttpVersionRoutingHandler channelRead\r\nINFO: Detected non-HTTP/2 connection.\r\n"}}
[debug] [2021-02-20T00:04:58.132Z] Feb 19, 2021 4:04:58 PM io.gapi.emulators.netty.HttpVersionRoutingHandler channelRead
INFO: Detected HTTP/2 connection.
 {"metadata":{"emulator":{"name":"firestore"},"message":"Feb 19, 2021 4:04:58 PM io.gapi.emulators.netty.HttpVersionRoutingHandler channelRead\r\nINFO: Detected HTTP/2 connection.\r\n"}}
[debug] [2021-02-20T00:04:58.713Z] <<< HTTP RESPONSE 200 {"content-type":"application/json","content-length":"4"}
[info] +  functions[makeUppercase]: firestore function initialized. {"metadata":{"emulator":{"name":"functions"},"message":"\u001b[1mfirestore\u001b[22m function initialized."}}
[info] 
┌─────────────────────────────────────────────────────────────┐
│ ✔  All emulators ready! It is now safe to connect your app. │
│ i  View Emulator UI at http://localhost:4000                │
└─────────────────────────────────────────────────────────────┘

┌───────────┬────────────────┬─────────────────────────────────┐
│ Emulator  │ Host:Port      │ View in Emulator UI             │
├───────────┼────────────────┼─────────────────────────────────┤
│ Functions │ localhost:5001 │ http://localhost:4000/functions │
├───────────┼────────────────┼─────────────────────────────────┤
│ Firestore │ localhost:8080 │ http://localhost:4000/firestore │
└───────────┴────────────────┴─────────────────────────────────┘
  Emulator Hub running at localhost:4400
  Other reserved ports: 4500

Issues? Report them at https://github.com/firebase/firebase-tools/issues and attach the *-debug.log files.
 
[debug] [2021-02-20T00:06:30.414Z] [work-queue] {"queueLength":1,"workRunningCount":0}
[debug] [2021-02-20T00:06:30.416Z] [work-queue] {"queueLength":0,"workRunningCount":1}
[debug] [2021-02-20T00:06:30.417Z] Accepted request GET /octopus-63e06/us-central1/addMessage?text=makeupper --> addMessage
[debug] [2021-02-20T00:06:30.432Z] [worker-pool] addWorker(addMessage) {"metadata":{"emulator":{"name":"functions"},"message":"[worker-pool] addWorker(addMessage)"}}
[debug] [2021-02-20T00:06:30.433Z] [worker-pool] Adding worker with key addMessage, total=1 {"metadata":{"emulator":{"name":"functions"},"message":"[worker-pool] Adding worker with key addMessage, total=1"}}
[debug] [2021-02-20T00:06:30.433Z] [worker-pool] submitWork(triggerId=addMessage) {"metadata":{"emulator":{"name":"functions"},"message":"[worker-pool] submitWork(triggerId=addMessage)"}}
[debug] [2021-02-20T00:06:30.434Z] [worker-addMessage-aed7d995-bf9d-40ba-a1c6-42557a6044c4]: Assigning socketPath: \\?\pipe\E:\source\meep\functions\19880 {"metadata":{"emulator":{"name":"functions"},"message":"[worker-addMessage-aed7d995-bf9d-40ba-a1c6-42557a6044c4]: Assigning socketPath: \\\\?\\pipe\\E:\\source\\meep\\functions\\19880"}}
[debug] [2021-02-20T00:06:30.435Z] [worker-addMessage-aed7d995-bf9d-40ba-a1c6-42557a6044c4]: BUSY {"metadata":{"emulator":{"name":"functions"},"message":"[worker-addMessage-aed7d995-bf9d-40ba-a1c6-42557a6044c4]: BUSY"}}
[debug] [2021-02-20T00:06:30.733Z] [runtime-status] [19880] Functions runtime initialized. {"cwd":"E:\\source\\meep\\functions","node_version":"10.23.3"} {"metadata":{"emulator":{"name":"functions"},"function":{"name":"addMessage"},"message":"[runtime-status] [19880] Functions runtime initialized. {\"cwd\":\"E:\\\\source\\\\meep\\\\functions\",\"node_version\":\"10.23.3\"}"}}
[debug] [2021-02-20T00:06:30.735Z] [runtime-status] [19880] Disabled runtime features: undefined {"metadata":{"emulator":{"name":"functions"},"function":{"name":"addMessage"},"message":"[runtime-status] [19880] Disabled runtime features: undefined"}}
[debug] [2021-02-20T00:06:30.743Z] [runtime-status] [19880] Resolved module firebase-admin {"declared":true,"installed":true,"version":"9.5.0","resolution":"E:\\source\\meep\\functions\\node_modules\\firebase-admin\\lib\\index.js"} {"metadata":{"emulator":{"name":"functions"},"function":{"name":"addMessage"},"message":"[runtime-status] [19880] Resolved module firebase-admin {\"declared\":true,\"installed\":true,\"version\":\"9.5.0\",\"resolution\":\"E:\\\\source\\\\meep\\\\functions\\\\node_modules\\\\firebase-admin\\\\lib\\\\index.js\"}"}}
[debug] [2021-02-20T00:06:30.746Z] [runtime-status] [19880] Resolved module firebase-functions {"declared":true,"installed":true,"version":"3.13.1","resolution":"E:\\source\\meep\\functions\\node_modules\\firebase-functions\\lib\\index.js"} {"metadata":{"emulator":{"name":"functions"},"function":{"name":"addMessage"},"message":"[runtime-status] [19880] Resolved module firebase-functions {\"declared\":true,\"installed\":true,\"version\":\"3.13.1\",\"resolution\":\"E:\\\\source\\\\meep\\\\functions\\\\node_modules\\\\firebase-functions\\\\lib\\\\index.js\"}"}}
[debug] [2021-02-20T00:06:30.747Z] [runtime-status] [19880] Resolved module firebase-functions {"declared":true,"installed":true,"version":"3.13.1","resolution":"E:\\source\\meep\\functions\\node_modules\\firebase-functions\\lib\\index.js"} {"metadata":{"emulator":{"name":"functions"},"function":{"name":"addMessage"},"message":"[runtime-status] [19880] Resolved module firebase-functions {\"declared\":true,\"installed\":true,\"version\":\"3.13.1\",\"resolution\":\"E:\\\\source\\\\meep\\\\functions\\\\node_modules\\\\firebase-functions\\\\lib\\\\index.js\"}"}}
[debug] [2021-02-20T00:06:30.751Z] [runtime-status] [19880] Outgoing network have been stubbed. [{"name":"http","status":"mocked"},{"name":"http","status":"mocked"},{"name":"https","status":"mocked"},{"name":"https","status":"mocked"},{"name":"net","status":"mocked"}] {"metadata":{"emulator":{"name":"functions"},"function":{"name":"addMessage"},"message":"[runtime-status] [19880] Outgoing network have been stubbed. [{\"name\":\"http\",\"status\":\"mocked\"},{\"name\":\"http\",\"status\":\"mocked\"},{\"name\":\"https\",\"status\":\"mocked\"},{\"name\":\"https\",\"status\":\"mocked\"},{\"name\":\"net\",\"status\":\"mocked\"}]"}}
[debug] [2021-02-20T00:06:30.751Z] [runtime-status] [19880] Resolved module firebase-functions {"declared":true,"installed":true,"version":"3.13.1","resolution":"E:\\source\\meep\\functions\\node_modules\\firebase-functions\\lib\\index.js"} {"metadata":{"emulator":{"name":"functions"},"function":{"name":"addMessage"},"message":"[runtime-status] [19880] Resolved module firebase-functions {\"declared\":true,\"installed\":true,\"version\":\"3.13.1\",\"resolution\":\"E:\\\\source\\\\meep\\\\functions\\\\node_modules\\\\firebase-functions\\\\lib\\\\index.js\"}"}}
[debug] [2021-02-20T00:06:30.817Z] [runtime-status] [19880] Checked functions.config() {"config":{}} {"metadata":{"emulator":{"name":"functions"},"function":{"name":"addMessage"},"message":"[runtime-status] [19880] Checked functions.config() {\"config\":{}}"}}
[debug] [2021-02-20T00:06:30.817Z] [runtime-status] [19880] firebase-functions has been stubbed. {"functionsResolution":{"declared":true,"installed":true,"version":"3.13.1","resolution":"E:\\source\\meep\\functions\\node_modules\\firebase-functions\\lib\\index.js"}} {"metadata":{"emulator":{"name":"functions"},"function":{"name":"addMessage"},"message":"[runtime-status] [19880] firebase-functions has been stubbed. {\"functionsResolution\":{\"declared\":true,\"installed\":true,\"version\":\"3.13.1\",\"resolution\":\"E:\\\\source\\\\meep\\\\functions\\\\node_modules\\\\firebase-functions\\\\lib\\\\index.js\"}}"}}
[debug] [2021-02-20T00:06:30.818Z] [runtime-status] [19880] Resolved module firebase-functions {"declared":true,"installed":true,"version":"3.13.1","resolution":"E:\\source\\meep\\functions\\node_modules\\firebase-functions\\lib\\index.js"} {"metadata":{"emulator":{"name":"functions"},"function":{"name":"addMessage"},"message":"[runtime-status] [19880] Resolved module firebase-functions {\"declared\":true,\"installed\":true,\"version\":\"3.13.1\",\"resolution\":\"E:\\\\source\\\\meep\\\\functions\\\\node_modules\\\\firebase-functions\\\\lib\\\\index.js\"}"}}
[debug] [2021-02-20T00:06:30.820Z] [runtime-status] [19880] Resolved module firebase-admin {"declared":true,"installed":true,"version":"9.5.0","resolution":"E:\\source\\meep\\functions\\node_modules\\firebase-admin\\lib\\index.js"} {"metadata":{"emulator":{"name":"functions"},"function":{"name":"addMessage"},"message":"[runtime-status] [19880] Resolved module firebase-admin {\"declared\":true,\"installed\":true,\"version\":\"9.5.0\",\"resolution\":\"E:\\\\source\\\\meep\\\\functions\\\\node_modules\\\\firebase-admin\\\\lib\\\\index.js\"}"}}
[debug] [2021-02-20T00:06:30.821Z] [runtime-status] [19880] Resolved module firebase-functions {"declared":true,"installed":true,"version":"3.13.1","resolution":"E:\\source\\meep\\functions\\node_modules\\firebase-functions\\lib\\index.js"} {"metadata":{"emulator":{"name":"functions"},"function":{"name":"addMessage"},"message":"[runtime-status] [19880] Resolved module firebase-functions {\"declared\":true,\"installed\":true,\"version\":\"3.13.1\",\"resolution\":\"E:\\\\source\\\\meep\\\\functions\\\\node_modules\\\\firebase-functions\\\\lib\\\\index.js\"}"}}
[debug] [2021-02-20T00:06:30.821Z] [runtime-status] [19880] firebase-admin has been stubbed. {"adminResolution":{"declared":true,"installed":true,"version":"9.5.0","resolution":"E:\\source\\meep\\functions\\node_modules\\firebase-admin\\lib\\index.js"}} {"metadata":{"emulator":{"name":"functions"},"function":{"name":"addMessage"},"message":"[runtime-status] [19880] firebase-admin has been stubbed. {\"adminResolution\":{\"declared\":true,\"installed\":true,\"version\":\"9.5.0\",\"resolution\":\"E:\\\\source\\\\meep\\\\functions\\\\node_modules\\\\firebase-admin\\\\lib\\\\index.js\"}}"}}
[debug] [2021-02-20T00:06:30.826Z] [runtime-status] [19880] initializeApp(DEFAULT) {"storageBucket":"octopus-63e06.appspot.com","databaseURL":"https://octopus-63e06-default-rtdb.firebaseio.com","projectId":"octopus-63e06"} {"metadata":{"emulator":{"name":"functions"},"function":{"name":"addMessage"},"message":"[runtime-status] [19880] initializeApp(DEFAULT) {\"storageBucket\":\"octopus-63e06.appspot.com\",\"databaseURL\":\"https://octopus-63e06-default-rtdb.firebaseio.com\",\"projectId\":\"octopus-63e06\"}"}}
[debug] [2021-02-20T00:06:30.829Z] [runtime-status] [19880] Trigger "addMessage" has been found, beginning invocation! {"metadata":{"emulator":{"name":"functions"},"function":{"name":"addMessage"},"message":"[runtime-status] [19880] Trigger \"addMessage\" has been found, beginning invocation!"}}
[info] i  functions: Beginning execution of "addMessage" {"metadata":{"emulator":{"name":"functions"},"function":{"name":"addMessage"},"message":"Beginning execution of \"addMessage\""}}
[debug] [2021-02-20T00:06:30.830Z] [runtime-status] [19880] triggerDefinition {"httpsTrigger":{},"name":"addMessage","entryPoint":"addMessage"} {"metadata":{"emulator":{"name":"functions"},"function":{"name":"addMessage"},"message":"[runtime-status] [19880] triggerDefinition {\"httpsTrigger\":{},\"name\":\"addMessage\",\"entryPoint\":\"addMessage\"}"}}
[debug] [2021-02-20T00:06:30.830Z] [runtime-status] [19880] Running addMessage in mode HTTPS {"metadata":{"emulator":{"name":"functions"},"function":{"name":"addMessage"},"message":"[runtime-status] [19880] Running addMessage in mode HTTPS"}}
[debug] [2021-02-20T00:06:30.836Z] [runtime-status] [19880] Attempting to listen to socketPath: \\?\pipe\E:\source\meep\functions\19880 {"metadata":{"emulator":{"name":"functions"},"function":{"name":"addMessage"},"message":"[runtime-status] [19880] Attempting to listen to socketPath: \\\\?\\pipe\\E:\\source\\meep\\functions\\19880"}}
[debug] [2021-02-20T00:06:30.840Z] [functions] Runtime ready! Sending request! {"metadata":{"emulator":{"name":"functions"},"message":"[functions] Runtime ready! Sending request!"}}
[debug] [2021-02-20T00:06:30.841Z] [functions] Got req.url=/octopus-63e06/us-central1/addMessage?text=makeupper, mapping to path=/?text=makeupper {"metadata":{"emulator":{"name":"functions"},"message":"[functions] Got req.url=/octopus-63e06/us-central1/addMessage?text=makeupper, mapping to path=/?text=makeupper"}}
[debug] [2021-02-20T00:06:30.849Z] [runtime-status] [19880] Ephemeral server handling GET request {"metadata":{"emulator":{"name":"functions"},"function":{"name":"addMessage"},"message":"[runtime-status] [19880] Ephemeral server handling GET request"}}
[debug] [2021-02-20T00:06:31.419Z] Feb 19, 2021 4:06:31 PM io.gapi.emulators.netty.HttpVersionRoutingHandler channelRead
INFO: Detected HTTP/2 connection.
 {"metadata":{"emulator":{"name":"firestore"},"message":"Feb 19, 2021 4:06:31 PM io.gapi.emulators.netty.HttpVersionRoutingHandler channelRead\r\nINFO: Detected HTTP/2 connection.\r\n"}}
[debug] [2021-02-20T00:06:31.585Z] [runtime-status] [19880] Ephemeral server survived. {"metadata":{"emulator":{"name":"functions"},"function":{"name":"addMessage"},"message":"[runtime-status] [19880] Ephemeral server survived."}}
[info] i  functions: Finished "addMessage" in ~1s {"metadata":{"emulator":{"name":"functions"},"function":{"name":"addMessage"},"message":"Finished \"addMessage\" in ~1s"}}
[debug] [2021-02-20T00:06:31.588Z] [worker-addMessage-aed7d995-bf9d-40ba-a1c6-42557a6044c4]: IDLE {"metadata":{"emulator":{"name":"functions"},"message":"[worker-addMessage-aed7d995-bf9d-40ba-a1c6-42557a6044c4]: IDLE"}}
[debug] [2021-02-20T00:06:31.588Z] [work-queue] {"queueLength":0,"workRunningCount":0}
[debug] [2021-02-20T00:06:31.593Z] [work-queue] {"queueLength":1,"workRunningCount":0}
[debug] [2021-02-20T00:06:31.594Z] [work-queue] {"queueLength":0,"workRunningCount":1}
[debug] [2021-02-20T00:06:31.594Z] Accepted request POST /functions/projects/octopus-63e06/triggers/makeUppercase-0 --> makeUppercase-0 {"metadata":{"emulator":{"name":"functions"},"message":"Accepted request POST /functions/projects/octopus-63e06/triggers/makeUppercase-0 --> makeUppercase-0"}}
[debug] [2021-02-20T00:06:31.598Z] [worker-pool] addWorker(makeUppercase) {"metadata":{"emulator":{"name":"functions"},"message":"[worker-pool] addWorker(makeUppercase)"}}
[debug] [2021-02-20T00:06:31.598Z] [worker-pool] Adding worker with key makeUppercase, total=1 {"metadata":{"emulator":{"name":"functions"},"message":"[worker-pool] Adding worker with key makeUppercase, total=1"}}
[debug] [2021-02-20T00:06:31.598Z] [worker-pool] submitWork(triggerId=makeUppercase) {"metadata":{"emulator":{"name":"functions"},"message":"[worker-pool] submitWork(triggerId=makeUppercase)"}}
[debug] [2021-02-20T00:06:31.598Z] [worker-makeUppercase-ae8dfb58-ce94-414c-ac15-1554e8cf8c68]: Assigning socketPath: \\?\pipe\E:\source\meep\functions\13904 {"metadata":{"emulator":{"name":"functions"},"message":"[worker-makeUppercase-ae8dfb58-ce94-414c-ac15-1554e8cf8c68]: Assigning socketPath: \\\\?\\pipe\\E:\\source\\meep\\functions\\13904"}}
[debug] [2021-02-20T00:06:31.599Z] [worker-makeUppercase-ae8dfb58-ce94-414c-ac15-1554e8cf8c68]: BUSY {"metadata":{"emulator":{"name":"functions"},"message":"[worker-makeUppercase-ae8dfb58-ce94-414c-ac15-1554e8cf8c68]: BUSY"}}
[debug] [2021-02-20T00:06:31.678Z] Functions emulator received unknown request at path /favicon.ico
[debug] [2021-02-20T00:06:31.899Z] [runtime-status] [13904] Functions runtime initialized. {"cwd":"E:\\source\\meep\\functions","node_version":"10.23.3"} {"metadata":{"emulator":{"name":"functions"},"function":{"name":"makeUppercase"},"message":"[runtime-status] [13904] Functions runtime initialized. {\"cwd\":\"E:\\\\source\\\\meep\\\\functions\",\"node_version\":\"10.23.3\"}"}}
[debug] [2021-02-20T00:06:31.902Z] [runtime-status] [13904] Disabled runtime features: undefined {"metadata":{"emulator":{"name":"functions"},"function":{"name":"makeUppercase"},"message":"[runtime-status] [13904] Disabled runtime features: undefined"}}
[debug] [2021-02-20T00:06:31.910Z] [runtime-status] [13904] Resolved module firebase-admin {"declared":true,"installed":true,"version":"9.5.0","resolution":"E:\\source\\meep\\functions\\node_modules\\firebase-admin\\lib\\index.js"} {"metadata":{"emulator":{"name":"functions"},"function":{"name":"makeUppercase"},"message":"[runtime-status] [13904] Resolved module firebase-admin {\"declared\":true,\"installed\":true,\"version\":\"9.5.0\",\"resolution\":\"E:\\\\source\\\\meep\\\\functions\\\\node_modules\\\\firebase-admin\\\\lib\\\\index.js\"}"}}
[debug] [2021-02-20T00:06:31.913Z] [runtime-status] [13904] Resolved module firebase-functions {"declared":true,"installed":true,"version":"3.13.1","resolution":"E:\\source\\meep\\functions\\node_modules\\firebase-functions\\lib\\index.js"} {"metadata":{"emulator":{"name":"functions"},"function":{"name":"makeUppercase"},"message":"[runtime-status] [13904] Resolved module firebase-functions {\"declared\":true,\"installed\":true,\"version\":\"3.13.1\",\"resolution\":\"E:\\\\source\\\\meep\\\\functions\\\\node_modules\\\\firebase-functions\\\\lib\\\\index.js\"}"}}
[debug] [2021-02-20T00:06:31.914Z] [runtime-status] [13904] Resolved module firebase-functions {"declared":true,"installed":true,"version":"3.13.1","resolution":"E:\\source\\meep\\functions\\node_modules\\firebase-functions\\lib\\index.js"} {"metadata":{"emulator":{"name":"functions"},"function":{"name":"makeUppercase"},"message":"[runtime-status] [13904] Resolved module firebase-functions {\"declared\":true,\"installed\":true,\"version\":\"3.13.1\",\"resolution\":\"E:\\\\source\\\\meep\\\\functions\\\\node_modules\\\\firebase-functions\\\\lib\\\\index.js\"}"}}
[debug] [2021-02-20T00:06:31.918Z] [runtime-status] [13904] Outgoing network have been stubbed. [{"name":"http","status":"mocked"},{"name":"http","status":"mocked"},{"name":"https","status":"mocked"},{"name":"https","status":"mocked"},{"name":"net","status":"mocked"}] {"metadata":{"emulator":{"name":"functions"},"function":{"name":"makeUppercase"},"message":"[runtime-status] [13904] Outgoing network have been stubbed. [{\"name\":\"http\",\"status\":\"mocked\"},{\"name\":\"http\",\"status\":\"mocked\"},{\"name\":\"https\",\"status\":\"mocked\"},{\"name\":\"https\",\"status\":\"mocked\"},{\"name\":\"net\",\"status\":\"mocked\"}]"}}
[debug] [2021-02-20T00:06:31.918Z] [runtime-status] [13904] Resolved module firebase-functions {"declared":true,"installed":true,"version":"3.13.1","resolution":"E:\\source\\meep\\functions\\node_modules\\firebase-functions\\lib\\index.js"} {"metadata":{"emulator":{"name":"functions"},"function":{"name":"makeUppercase"},"message":"[runtime-status] [13904] Resolved module firebase-functions {\"declared\":true,\"installed\":true,\"version\":\"3.13.1\",\"resolution\":\"E:\\\\source\\\\meep\\\\functions\\\\node_modules\\\\firebase-functions\\\\lib\\\\index.js\"}"}}
[debug] [2021-02-20T00:06:31.983Z] [runtime-status] [13904] Checked functions.config() {"config":{}} {"metadata":{"emulator":{"name":"functions"},"function":{"name":"makeUppercase"},"message":"[runtime-status] [13904] Checked functions.config() {\"config\":{}}"}}
[debug] [2021-02-20T00:06:31.983Z] [runtime-status] [13904] firebase-functions has been stubbed. {"functionsResolution":{"declared":true,"installed":true,"version":"3.13.1","resolution":"E:\\source\\meep\\functions\\node_modules\\firebase-functions\\lib\\index.js"}} {"metadata":{"emulator":{"name":"functions"},"function":{"name":"makeUppercase"},"message":"[runtime-status] [13904] firebase-functions has been stubbed. {\"functionsResolution\":{\"declared\":true,\"installed\":true,\"version\":\"3.13.1\",\"resolution\":\"E:\\\\source\\\\meep\\\\functions\\\\node_modules\\\\firebase-functions\\\\lib\\\\index.js\"}}"}}
[debug] [2021-02-20T00:06:31.984Z] [runtime-status] [13904] Resolved module firebase-functions {"declared":true,"installed":true,"version":"3.13.1","resolution":"E:\\source\\meep\\functions\\node_modules\\firebase-functions\\lib\\index.js"} {"metadata":{"emulator":{"name":"functions"},"function":{"name":"makeUppercase"},"message":"[runtime-status] [13904] Resolved module firebase-functions {\"declared\":true,\"installed\":true,\"version\":\"3.13.1\",\"resolution\":\"E:\\\\source\\\\meep\\\\functions\\\\node_modules\\\\firebase-functions\\\\lib\\\\index.js\"}"}}
[debug] [2021-02-20T00:06:31.985Z] [runtime-status] [13904] Resolved module firebase-admin {"declared":true,"installed":true,"version":"9.5.0","resolution":"E:\\source\\meep\\functions\\node_modules\\firebase-admin\\lib\\index.js"} {"metadata":{"emulator":{"name":"functions"},"function":{"name":"makeUppercase"},"message":"[runtime-status] [13904] Resolved module firebase-admin {\"declared\":true,\"installed\":true,\"version\":\"9.5.0\",\"resolution\":\"E:\\\\source\\\\meep\\\\functions\\\\node_modules\\\\firebase-admin\\\\lib\\\\index.js\"}"}}
[debug] [2021-02-20T00:06:31.986Z] [runtime-status] [13904] Resolved module firebase-functions {"declared":true,"installed":true,"version":"3.13.1","resolution":"E:\\source\\meep\\functions\\node_modules\\firebase-functions\\lib\\index.js"} {"metadata":{"emulator":{"name":"functions"},"function":{"name":"makeUppercase"},"message":"[runtime-status] [13904] Resolved module firebase-functions {\"declared\":true,\"installed\":true,\"version\":\"3.13.1\",\"resolution\":\"E:\\\\source\\\\meep\\\\functions\\\\node_modules\\\\firebase-functions\\\\lib\\\\index.js\"}"}}
[debug] [2021-02-20T00:06:31.986Z] [runtime-status] [13904] firebase-admin has been stubbed. {"adminResolution":{"declared":true,"installed":true,"version":"9.5.0","resolution":"E:\\source\\meep\\functions\\node_modules\\firebase-admin\\lib\\index.js"}} {"metadata":{"emulator":{"name":"functions"},"function":{"name":"makeUppercase"},"message":"[runtime-status] [13904] firebase-admin has been stubbed. {\"adminResolution\":{\"declared\":true,\"installed\":true,\"version\":\"9.5.0\",\"resolution\":\"E:\\\\source\\\\meep\\\\functions\\\\node_modules\\\\firebase-admin\\\\lib\\\\index.js\"}}"}}
[debug] [2021-02-20T00:06:31.990Z] [runtime-status] [13904] initializeApp(DEFAULT) {"storageBucket":"octopus-63e06.appspot.com","databaseURL":"https://octopus-63e06-default-rtdb.firebaseio.com","projectId":"octopus-63e06"} {"metadata":{"emulator":{"name":"functions"},"function":{"name":"makeUppercase"},"message":"[runtime-status] [13904] initializeApp(DEFAULT) {\"storageBucket\":\"octopus-63e06.appspot.com\",\"databaseURL\":\"https://octopus-63e06-default-rtdb.firebaseio.com\",\"projectId\":\"octopus-63e06\"}"}}
[debug] [2021-02-20T00:06:31.993Z] [runtime-status] [13904] Trigger "makeUppercase" has been found, beginning invocation! {"metadata":{"emulator":{"name":"functions"},"function":{"name":"makeUppercase"},"message":"[runtime-status] [13904] Trigger \"makeUppercase\" has been found, beginning invocation!"}}
[info] i  functions: Beginning execution of "makeUppercase" {"metadata":{"emulator":{"name":"functions"},"function":{"name":"makeUppercase"},"message":"Beginning execution of \"makeUppercase\""}}
[debug] [2021-02-20T00:06:31.994Z] [runtime-status] [13904] triggerDefinition {"eventTrigger":{"resource":"projects/octopus-63e06/databases/(default)/documents/messages/{documentId}","eventType":"providers/cloud.firestore/eventTypes/document.create","service":"firestore.googleapis.com"},"name":"makeUppercase","entryPoint":"makeUppercase"} {"metadata":{"emulator":{"name":"functions"},"function":{"name":"makeUppercase"},"message":"[runtime-status] [13904] triggerDefinition {\"eventTrigger\":{\"resource\":\"projects/octopus-63e06/databases/(default)/documents/messages/{documentId}\",\"eventType\":\"providers/cloud.firestore/eventTypes/document.create\",\"service\":\"firestore.googleapis.com\"},\"name\":\"makeUppercase\",\"entryPoint\":\"makeUppercase\"}"}}
[debug] [2021-02-20T00:06:31.994Z] [runtime-status] [13904] Running makeUppercase in mode BACKGROUND {"metadata":{"emulator":{"name":"functions"},"function":{"name":"makeUppercase"},"message":"[runtime-status] [13904] Running makeUppercase in mode BACKGROUND"}}
[debug] [2021-02-20T00:06:31.994Z] [runtime-status] [13904] ProcessBackground {"data":{"value":{"name":"projects/octopus-63e06/databases/(default)/documents/messages/HxlDDMnAXVLao9Atl2if","fields":{"original":{"stringValue":"makeupper"}},"createTime":"2021-02-20T00:06:31.497Z","updateTime":"2021-02-20T00:06:31.497Z"},"updateMask":{}},"context":{"eventId":"1ba6cf26-4be5-43bd-9d52-958bcba13202","timestamp":"2021-02-20T00:06:31.497Z","eventType":"providers/cloud.firestore/eventTypes/document.create","resource":{"name":"projects/octopus-63e06/databases/(default)/documents/messages/HxlDDMnAXVLao9Atl2if","service":"firestore.googleapis.com"}}} {"metadata":{"emulator":{"name":"functions"},"function":{"name":"makeUppercase"},"message":"[runtime-status] [13904] ProcessBackground {\"data\":{\"value\":{\"name\":\"projects/octopus-63e06/databases/(default)/documents/messages/HxlDDMnAXVLao9Atl2if\",\"fields\":{\"original\":{\"stringValue\":\"makeupper\"}},\"createTime\":\"2021-02-20T00:06:31.497Z\",\"updateTime\":\"2021-02-20T00:06:31.497Z\"},\"updateMask\":{}},\"context\":{\"eventId\":\"1ba6cf26-4be5-43bd-9d52-958bcba13202\",\"timestamp\":\"2021-02-20T00:06:31.497Z\",\"eventType\":\"providers/cloud.firestore/eventTypes/document.create\",\"resource\":{\"name\":\"projects/octopus-63e06/databases/(default)/documents/messages/HxlDDMnAXVLao9Atl2if\",\"service\":\"firestore.googleapis.com\"}}}"}}
[debug] [2021-02-20T00:06:31.995Z] [runtime-status] [13904] ProcessBackground: lifting resource.name from resource {"name":"projects/octopus-63e06/databases/(default)/documents/messages/HxlDDMnAXVLao9Atl2if","service":"firestore.googleapis.com"} {"metadata":{"emulator":{"name":"functions"},"function":{"name":"makeUppercase"},"message":"[runtime-status] [13904] ProcessBackground: lifting resource.name from resource {\"name\":\"projects/octopus-63e06/databases/(default)/documents/messages/HxlDDMnAXVLao9Atl2if\",\"service\":\"firestore.googleapis.com\"}"}}
[debug] [2021-02-20T00:06:31.996Z] [runtime-status] [13904] RunBackground {"data":{"value":{"name":"projects/octopus-63e06/databases/(default)/documents/messages/HxlDDMnAXVLao9Atl2if","fields":{"original":{"stringValue":"makeupper"}},"createTime":"2021-02-20T00:06:31.497Z","updateTime":"2021-02-20T00:06:31.497Z"},"updateMask":{}},"context":{"eventId":"1ba6cf26-4be5-43bd-9d52-958bcba13202","timestamp":"2021-02-20T00:06:31.497Z","eventType":"providers/cloud.firestore/eventTypes/document.create","resource":"projects/octopus-63e06/databases/(default)/documents/messages/HxlDDMnAXVLao9Atl2if"}} {"metadata":{"emulator":{"name":"functions"},"function":{"name":"makeUppercase"},"message":"[runtime-status] [13904] RunBackground {\"data\":{\"value\":{\"name\":\"projects/octopus-63e06/databases/(default)/documents/messages/HxlDDMnAXVLao9Atl2if\",\"fields\":{\"original\":{\"stringValue\":\"makeupper\"}},\"createTime\":\"2021-02-20T00:06:31.497Z\",\"updateTime\":\"2021-02-20T00:06:31.497Z\"},\"updateMask\":{}},\"context\":{\"eventId\":\"1ba6cf26-4be5-43bd-9d52-958bcba13202\",\"timestamp\":\"2021-02-20T00:06:31.497Z\",\"eventType\":\"providers/cloud.firestore/eventTypes/document.create\",\"resource\":\"projects/octopus-63e06/databases/(default)/documents/messages/HxlDDMnAXVLao9Atl2if\"}}"}}
[info] >  {"severity":"INFO","message":"Uppercasing HxlDDMnAXVLao9Atl2if makeupper"} {"user":{"severity":"INFO","message":"Uppercasing HxlDDMnAXVLao9Atl2if makeupper"},"metadata":{"emulator":{"name":"functions"},"function":{"name":"makeUppercase"},"message":"\u001b[90m> \u001b[39m {\"severity\":\"INFO\",\"message\":\"Uppercasing HxlDDMnAXVLao9Atl2if makeupper\"}"}}
[debug] [2021-02-20T00:06:32.579Z] Feb 19, 2021 4:06:32 PM io.gapi.emulators.netty.HttpVersionRoutingHandler channelRead
INFO: Detected HTTP/2 connection.
 {"metadata":{"emulator":{"name":"firestore"},"message":"Feb 19, 2021 4:06:32 PM io.gapi.emulators.netty.HttpVersionRoutingHandler channelRead\r\nINFO: Detected HTTP/2 connection.\r\n"}}
[debug] [2021-02-20T00:06:32.604Z] [runtime-status] [13904] Ephemeral server survived. {"metadata":{"emulator":{"name":"functions"},"function":{"name":"makeUppercase"},"message":"[runtime-status] [13904] Ephemeral server survived."}}
[info] i  functions: Finished "makeUppercase" in ~1s {"metadata":{"emulator":{"name":"functions"},"function":{"name":"makeUppercase"},"message":"Finished \"makeUppercase\" in ~1s"}}
[debug] [2021-02-20T00:06:32.605Z] [worker-makeUppercase-ae8dfb58-ce94-414c-ac15-1554e8cf8c68]: IDLE {"metadata":{"emulator":{"name":"functions"},"message":"[worker-makeUppercase-ae8dfb58-ce94-414c-ac15-1554e8cf8c68]: IDLE"}}
[debug] [2021-02-20T00:06:32.606Z] [work-queue] {"queueLength":0,"workRunningCount":0}
[debug] [2021-02-20T00:06:38.000Z] Feb 19, 2021 4:06:37 PM io.gapi.emulators.netty.HttpVersionRoutingHandler channelRead
INFO: Detected non-HTTP/2 connection.
 {"metadata":{"emulator":{"name":"firestore"},"message":"Feb 19, 2021 4:06:37 PM io.gapi.emulators.netty.HttpVersionRoutingHandler channelRead\r\nINFO: Detected non-HTTP/2 connection.\r\n"}}
[debug] [2021-02-20T00:06:38.457Z] Feb 19, 2021 4:06:38 PM io.gapi.emulators.netty.HttpVersionRoutingHandler channelRead
INFO: Detected non-HTTP/2 connection.
 {"metadata":{"emulator":{"name":"firestore"},"message":"Feb 19, 2021 4:06:38 PM io.gapi.emulators.netty.HttpVersionRoutingHandler channelRead\r\nINFO: Detected non-HTTP/2 connection.\r\n"}}
[debug] [2021-02-20T00:06:38.725Z] Feb 19, 2021 4:06:38 PM io.gapi.emulators.netty.HttpVersionRoutingHandler channelRead
INFO: Detected non-HTTP/2 connection.
 {"metadata":{"emulator":{"name":"firestore"},"message":"Feb 19, 2021 4:06:38 PM io.gapi.emulators.netty.HttpVersionRoutingHandler channelRead\r\nINFO: Detected non-HTTP/2 connection.\r\n"}}
[debug] [2021-02-20T00:06:39.000Z] Feb 19, 2021 4:06:38 PM io.gapi.emulators.netty.HttpVersionRoutingHandler channelRead
INFO: Detected non-HTTP/2 connection.
 {"metadata":{"emulator":{"name":"firestore"},"message":"Feb 19, 2021 4:06:38 PM io.gapi.emulators.netty.HttpVersionRoutingHandler channelRead\r\nINFO: Detected non-HTTP/2 connection.\r\n"}}
[debug] [2021-02-20T00:06:54.497Z] Feb 19, 2021 4:06:54 PM io.gapi.emulators.netty.HttpVersionRoutingHandler channelRead
INFO: Detected non-HTTP/2 connection.
 {"metadata":{"emulator":{"name":"firestore"},"message":"Feb 19, 2021 4:06:54 PM io.gapi.emulators.netty.HttpVersionRoutingHandler channelRead\r\nINFO: Detected non-HTTP/2 connection.\r\n"}}
[debug] [2021-02-20T00:07:39.093Z] Feb 19, 2021 4:07:39 PM io.gapi.emulators.netty.HttpVersionRoutingHandler channelRead
INFO: Detected non-HTTP/2 connection.
 {"metadata":{"emulator":{"name":"firestore"},"message":"Feb 19, 2021 4:07:39 PM io.gapi.emulators.netty.HttpVersionRoutingHandler channelRead\r\nINFO: Detected non-HTTP/2 connection.\r\n"}}
